<?xml version="1.0" encoding="UTF-8"?>
<testng-results ignored="0" total="1" passed="1" failed="0" skipped="0">
  <reporter-output>
  </reporter-output>
  <suite started-at="2022-07-09T00:20:45 IST" name="Default suite" finished-at="2022-07-09T00:21:28 IST" duration-ms="42784">
    <groups>
    </groups>
    <test started-at="2022-07-09T00:20:45 IST" name="Default test" finished-at="2022-07-09T00:21:28 IST" duration-ms="42784">
      <class name="TestClasses.FBLoginTestClass">
        <test-method is-config="true" signature="OpenChromeBrowser()[pri:0, instance:TestClasses.FBLoginTestClass@1151e434]" started-at="2022-07-09T00:20:45 IST" name="OpenChromeBrowser" finished-at="2022-07-09T00:21:07 IST" duration-ms="21360" status="PASS">
          <reporter-output>
          </reporter-output>
        </test-method> <!-- OpenChromeBrowser -->
        <test-method signature="runLoginTest()[pri:0, instance:TestClasses.FBLoginTestClass@1151e434]" started-at="2022-07-09T00:21:07 IST" name="runLoginTest" finished-at="2022-07-09T00:21:28 IST" duration-ms="21292" status="PASS">
          <reporter-output>
          </reporter-output>
        </test-method> <!-- runLoginTest -->
      </class> <!-- TestClasses.FBLoginTestClass -->
    </test> <!-- Default test -->
  </suite> <!-- Default suite -->
</testng-results>
